<?xml version="1.0" encoding="UTF-8"?>
<!-- Generated by org.testng.reporters.JUnitXMLReporter -->
<testsuite ignored="5" hostname="joga" failures="0" tests="3" name="Test" time="286.231" errors="0" timestamp="2021-12-16T13:38:53 IST">
  <testcase classname="vtiger_Testcase.Tc001_CreateOrganizationTest" name="test2" time="69.533"/>
  <testcase classname="vtiger_Testcase.Tc002_CreateOrganizationTest" name="test2" time="51.388"/>
  <testcase classname="vtiger_Testcase.Tc003_CreateContactTest" name="test31" time="82.93"/>
  <testcase classname="vtiger_Testcase.Tc001_CreateOrganizationTest" name="test1" time="0.0">
    <ignored/>
  </testcase> <!-- test1 -->
  <testcase classname="com.VtigerGenric.BaseClass" name="@BeforeSuite setUp" time="0.0">
    <ignored/>
  </testcase> <!-- @BeforeSuite setUp -->
  <testcase classname="com.VtigerGenric.BaseClass" name="@BeforeSuite setUp" time="0.0">
    <ignored/>
  </testcase> <!-- @BeforeSuite setUp -->
  <testcase classname="vtiger_Testcase.Tc003_CreateContactTest" name="test3" time="0.0">
    <ignored/>
  </testcase> <!-- test3 -->
  <testcase classname="vtiger_Testcase.Tc002_CreateOrganizationTest" name="test2_1" time="0.0">
    <ignored/>
  </testcase> <!-- test2_1 -->
</testsuite> <!-- Test -->
