<?xml version="1.0" encoding="UTF-8"?>
<!-- Generated by org.testng.reporters.JUnitXMLReporter -->
<testsuite ignored="2" hostname="joga" failures="0" tests="6" name="Test" time="551.524" errors="0" timestamp="2021-12-15T10:25:58 IST">
  <testcase classname="vtiger_Testcase.Tc001_CreateOrganizationTest" name="test1" time="49.763"/>
  <testcase classname="vtiger_Testcase.Tc001_CreateOrganizationTest" name="test2" time="65.475"/>
  <testcase classname="vtiger_Testcase.Tc002_CreateOrganizationTest" name="test2" time="56.163"/>
  <testcase classname="vtiger_Testcase.Tc002_CreateOrganizationTest" name="test2_1" time="68.884"/>
  <testcase classname="vtiger_Testcase.Tc003_CreateContactTest" name="test3" time="79.672"/>
  <testcase classname="vtiger_Testcase.Tc003_CreateContactTest" name="test31" time="93.868"/>
  <testcase classname="com.VtigerGenric.BaseClass" name="@BeforeSuite setUp" time="0.0">
    <ignored/>
  </testcase> <!-- @BeforeSuite setUp -->
  <testcase classname="com.VtigerGenric.BaseClass" name="@BeforeSuite setUp" time="0.0">
    <ignored/>
  </testcase> <!-- @BeforeSuite setUp -->
</testsuite> <!-- Test -->
