<?xml version="1.0" encoding="UTF-8"?>
<testng-results ignored="0" total="1" passed="1" failed="0" skipped="0">
  <reporter-output>
  </reporter-output>
  <suite started-at="2021-12-30T15:42:36 IST" name="Default suite" finished-at="2021-12-30T15:42:58 IST" duration-ms="22514">
    <groups>
    </groups>
    <test started-at="2021-12-30T15:42:36 IST" name="Default test" finished-at="2021-12-30T15:42:58 IST" duration-ms="22514">
      <class name="jdbc_Demo.ApplicationUsingLOG4j">
        <test-method is-config="true" signature="database()[pri:0, instance:jdbc_Demo.ApplicationUsingLOG4j@6f43c82]" started-at="2021-12-30T15:42:36 IST" name="database" finished-at="2021-12-30T15:42:36 IST" duration-ms="51" status="PASS">
          <reporter-output>
          </reporter-output>
        </test-method> <!-- database -->
        <test-method is-config="true" signature="openbrowser1()[pri:0, instance:jdbc_Demo.ApplicationUsingLOG4j@6f43c82]" started-at="2021-12-30T15:42:36 IST" name="openbrowser1" finished-at="2021-12-30T15:42:44 IST" duration-ms="8380" status="PASS">
          <reporter-output>
          </reporter-output>
        </test-method> <!-- openbrowser1 -->
        <test-method is-config="true" signature="enterurl()[pri:0, instance:jdbc_Demo.ApplicationUsingLOG4j@6f43c82]" started-at="2021-12-30T15:42:44 IST" name="enterurl" finished-at="2021-12-30T15:42:47 IST" duration-ms="2610" status="PASS">
          <reporter-output>
          </reporter-output>
        </test-method> <!-- enterurl -->
        <test-method signature="openbrowserLogin()[pri:0, instance:jdbc_Demo.ApplicationUsingLOG4j@6f43c82]" started-at="2021-12-30T15:42:47 IST" name="openbrowserLogin" finished-at="2021-12-30T15:42:57 IST" duration-ms="10359" status="PASS">
          <reporter-output>
          </reporter-output>
        </test-method> <!-- openbrowserLogin -->
        <test-method is-config="true" signature="close11()[pri:0, instance:jdbc_Demo.ApplicationUsingLOG4j@6f43c82]" started-at="2021-12-30T15:42:57 IST" name="close11" finished-at="2021-12-30T15:42:58 IST" duration-ms="1054" status="PASS">
          <reporter-output>
          </reporter-output>
        </test-method> <!-- close11 -->
        <test-method is-config="true" signature="disconnectDB()[pri:0, instance:jdbc_Demo.ApplicationUsingLOG4j@6f43c82]" started-at="2021-12-30T15:42:58 IST" name="disconnectDB" finished-at="2021-12-30T15:42:58 IST" duration-ms="16" status="PASS">
          <reporter-output>
          </reporter-output>
        </test-method> <!-- disconnectDB -->
      </class> <!-- jdbc_Demo.ApplicationUsingLOG4j -->
    </test> <!-- Default test -->
  </suite> <!-- Default suite -->
</testng-results>
